20130418:18:42:17.370[o.a.i.logging.LogFactory]DEBUG  Logging initialized using 'org.apache.ibatis.logging.slf4j.Slf4jImpl' adapter.
20130418:18:42:17.480[o.m.s.SqlSessionFactoryBean]DEBUG  Property 'configLocation' not specified, using default MyBatis Configuration
20130418:18:42:17.880[o.m.s.SqlSessionFactoryBean]DEBUG  Property 'mapperLocations' was not specified or no matching resources found
20130418:18:42:48.090[c.z.d.c.LoginController]INFO   login selected User is aa 
20130418:18:42:48.178[o.m.s.SqlSessionUtils]DEBUG  Creating a new SqlSession
20130418:18:42:48.187[o.m.s.SqlSessionUtils]DEBUG  SqlSession [org.apache.ibatis.session.defaults.DefaultSqlSession@2b87514a] was not registered for synchronization because synchronization is not active
20130418:18:42:48.359[o.m.s.SqlSessionUtils]DEBUG  Closing non transactional SqlSession [org.apache.ibatis.session.defaults.DefaultSqlSession@2b87514a]
20130418:18:44:34.864[c.z.d.c.LoginController]INFO   login selected User is aa 
20130418:18:44:34.864[o.m.s.SqlSessionUtils]DEBUG  Creating a new SqlSession
20130418:18:44:34.864[o.m.s.SqlSessionUtils]DEBUG  SqlSession [org.apache.ibatis.session.defaults.DefaultSqlSession@775651df] was not registered for synchronization because synchronization is not active
20130418:18:44:34.879[o.m.s.SqlSessionUtils]DEBUG  Closing non transactional SqlSession [org.apache.ibatis.session.defaults.DefaultSqlSession@775651df]
20130418:18:45:58.146[o.a.i.logging.LogFactory]DEBUG  Logging initialized using 'org.apache.ibatis.logging.slf4j.Slf4jImpl' adapter.
20130418:18:45:58.223[o.m.s.SqlSessionFactoryBean]DEBUG  Property 'configLocation' not specified, using default MyBatis Configuration
20130418:18:45:58.606[o.m.s.SqlSessionFactoryBean]DEBUG  Property 'mapperLocations' was not specified or no matching resources found
20130418:18:46:09.418[c.z.d.c.LoginController]INFO   login selected User is 1 
20130418:18:46:09.432[o.m.s.SqlSessionUtils]DEBUG  Creating a new SqlSession
20130418:18:46:09.438[o.m.s.SqlSessionUtils]DEBUG  SqlSession [org.apache.ibatis.session.defaults.DefaultSqlSession@645ad7b2] was not registered for synchronization because synchronization is not active
20130418:18:46:09.506[o.m.s.SqlSessionUtils]DEBUG  Closing non transactional SqlSession [org.apache.ibatis.session.defaults.DefaultSqlSession@645ad7b2]
20130418:18:47:13.145[o.a.i.logging.LogFactory]DEBUG  Logging initialized using 'org.apache.ibatis.logging.slf4j.Slf4jImpl' adapter.
20130418:18:47:13.208[o.m.s.SqlSessionFactoryBean]DEBUG  Property 'configLocation' not specified, using default MyBatis Configuration
20130418:18:47:13.524[o.m.s.SqlSessionFactoryBean]DEBUG  Property 'mapperLocations' was not specified or no matching resources found
20130418:18:47:17.333[c.z.d.c.LoginController]ERROR  中文测试
20130418:18:47:19.120[c.z.d.c.LoginController]ERROR  中文测试
20130418:18:47:43.809[c.z.d.c.ErrorController]DEBUG  try finding user 
20130418:18:47:43.820[o.m.s.SqlSessionUtils]DEBUG  Creating a new SqlSession
20130418:18:47:43.826[o.m.s.SqlSessionUtils]DEBUG  SqlSession [org.apache.ibatis.session.defaults.DefaultSqlSession@35389244] was not registered for synchronization because synchronization is not active
20130418:18:47:43.884[o.m.s.SqlSessionUtils]DEBUG  Closing non transactional SqlSession [org.apache.ibatis.session.defaults.DefaultSqlSession@35389244]
20130418:18:47:47.581[c.z.d.c.ErrorController]DEBUG  try finding user a
20130418:18:47:47.582[o.m.s.SqlSessionUtils]DEBUG  Creating a new SqlSession
20130418:18:47:47.582[o.m.s.SqlSessionUtils]DEBUG  SqlSession [org.apache.ibatis.session.defaults.DefaultSqlSession@17f5b38e] was not registered for synchronization because synchronization is not active
20130418:18:47:47.591[o.m.s.SqlSessionUtils]DEBUG  Closing non transactional SqlSession [org.apache.ibatis.session.defaults.DefaultSqlSession@17f5b38e]
20130418:18:47:54.189[c.z.d.c.ErrorController]DEBUG  try finding user a
20130418:18:47:54.190[o.m.s.SqlSessionUtils]DEBUG  Creating a new SqlSession
20130418:18:47:54.191[o.m.s.SqlSessionUtils]DEBUG  SqlSession [org.apache.ibatis.session.defaults.DefaultSqlSession@4de5a0cb] was not registered for synchronization because synchronization is not active
20130418:18:47:54.198[o.m.s.SqlSessionUtils]DEBUG  Closing non transactional SqlSession [org.apache.ibatis.session.defaults.DefaultSqlSession@4de5a0cb]
20130418:18:50:31.481[o.a.i.logging.LogFactory]DEBUG  Logging initialized using 'org.apache.ibatis.logging.slf4j.Slf4jImpl' adapter.
20130418:18:50:31.540[o.m.s.SqlSessionFactoryBean]DEBUG  Property 'configLocation' not specified, using default MyBatis Configuration
20130418:18:50:31.845[o.m.s.SqlSessionFactoryBean]DEBUG  Property 'mapperLocations' was not specified or no matching resources found
20130418:18:50:39.729[c.z.d.c.LoginController]DEBUG  中文测试
20130418:18:50:43.452[c.z.d.c.LoginController]INFO   login selected User is 1 
20130418:18:50:43.461[o.m.s.SqlSessionUtils]DEBUG  Creating a new SqlSession
20130418:18:50:43.467[o.m.s.SqlSessionUtils]DEBUG  SqlSession [org.apache.ibatis.session.defaults.DefaultSqlSession@51430296] was not registered for synchronization because synchronization is not active
20130418:18:50:43.532[o.m.s.SqlSessionUtils]DEBUG  Closing non transactional SqlSession [org.apache.ibatis.session.defaults.DefaultSqlSession@51430296]
20130418:18:51:51.754[o.a.i.logging.LogFactory]DEBUG  Logging initialized using 'org.apache.ibatis.logging.slf4j.Slf4jImpl' adapter.
20130418:18:51:51.817[o.m.s.SqlSessionFactoryBean]DEBUG  Property 'configLocation' not specified, using default MyBatis Configuration
20130418:18:51:52.171[o.m.s.SqlSessionFactoryBean]DEBUG  Property 'mapperLocations' was not specified or no matching resources found
20130418:18:51:56.978[c.z.d.c.LoginController]INFO   login selected User is 1 
20130418:18:51:56.989[o.m.s.SqlSessionUtils]DEBUG  Creating a new SqlSession
20130418:18:51:56.995[o.m.s.SqlSessionUtils]DEBUG  SqlSession [org.apache.ibatis.session.defaults.DefaultSqlSession@49833c9c] was not registered for synchronization because synchronization is not active
20130418:18:51:57.044[o.m.s.t.SpringManagedTransaction]DEBUG  JDBC Connection [jdbc:mysql://127.0.0.1:3306/test, UserName=jettylee@localhost, MySQL-AB JDBC Driver] will not be managed by Spring
20130418:18:51:57.048[c.z.d.m.U.get_user]DEBUG  ooo Using Connection [jdbc:mysql://127.0.0.1:3306/test, UserName=jettylee@localhost, MySQL-AB JDBC Driver]
20130418:18:51:57.055[c.z.d.m.U.get_user]DEBUG  ==>  Preparing: select * FROM dt_users WHERE username = ? 
20130418:18:51:57.103[c.z.d.m.U.get_user]DEBUG  ==> Parameters: 1(String)
20130418:18:51:57.128[o.m.s.SqlSessionUtils]DEBUG  Closing non transactional SqlSession [org.apache.ibatis.session.defaults.DefaultSqlSession@49833c9c]
20130418:18:51:57.130[c.z.d.c.LoginController]INFO   中文测试
20130418:18:51:57.169[c.z.d.c.LoginController]DEBUG  中文测试
20130418:18:52:07.303[c.z.d.c.ErrorController]DEBUG  try finding user 1
20130418:18:52:07.304[o.m.s.SqlSessionUtils]DEBUG  Creating a new SqlSession
20130418:18:52:07.304[o.m.s.SqlSessionUtils]DEBUG  SqlSession [org.apache.ibatis.session.defaults.DefaultSqlSession@5c1d29c1] was not registered for synchronization because synchronization is not active
20130418:18:52:07.305[o.m.s.t.SpringManagedTransaction]DEBUG  JDBC Connection [jdbc:mysql://127.0.0.1:3306/test, UserName=jettylee@localhost, MySQL-AB JDBC Driver] will not be managed by Spring
20130418:18:52:07.306[c.z.d.m.U.get_user]DEBUG  ooo Using Connection [jdbc:mysql://127.0.0.1:3306/test, UserName=jettylee@localhost, MySQL-AB JDBC Driver]
20130418:18:52:07.306[c.z.d.m.U.get_user]DEBUG  ==>  Preparing: select * FROM dt_users WHERE username = ? 
20130418:18:52:07.307[c.z.d.m.U.get_user]DEBUG  ==> Parameters: 1(String)
20130418:18:52:07.308[o.m.s.SqlSessionUtils]DEBUG  Closing non transactional SqlSession [org.apache.ibatis.session.defaults.DefaultSqlSession@5c1d29c1]
20130418:18:52:24.774[o.m.s.SqlSessionUtils]DEBUG  Creating a new SqlSession
20130418:18:52:24.774[o.m.s.SqlSessionUtils]DEBUG  SqlSession [org.apache.ibatis.session.defaults.DefaultSqlSession@11be650f] was not registered for synchronization because synchronization is not active
20130418:18:52:24.775[o.m.s.t.SpringManagedTransaction]DEBUG  JDBC Connection [jdbc:mysql://127.0.0.1:3306/test, UserName=jettylee@localhost, MySQL-AB JDBC Driver] will not be managed by Spring
20130418:18:52:24.776[c.z.d.m.U.get_user]DEBUG  ooo Using Connection [jdbc:mysql://127.0.0.1:3306/test, UserName=jettylee@localhost, MySQL-AB JDBC Driver]
20130418:18:52:24.776[c.z.d.m.U.get_user]DEBUG  ==>  Preparing: select * FROM dt_users WHERE username = ? 
20130418:18:52:24.777[c.z.d.m.U.get_user]DEBUG  ==> Parameters: 1(String)
20130418:18:52:24.778[o.m.s.SqlSessionUtils]DEBUG  Closing non transactional SqlSession [org.apache.ibatis.session.defaults.DefaultSqlSession@11be650f]
20130418:18:52:24.778[c.z.d.c.RegisterController]DEBUG  1
20130418:18:52:24.779[c.z.d.c.RegisterController]DEBUG  c4ca4238a0b923820dcc509a6f75849b
20130418:18:52:24.781[o.m.s.SqlSessionUtils]DEBUG  Creating a new SqlSession
20130418:18:52:24.781[o.m.s.SqlSessionUtils]DEBUG  SqlSession [org.apache.ibatis.session.defaults.DefaultSqlSession@126be4cc] was not registered for synchronization because synchronization is not active
20130418:18:52:24.783[o.m.s.t.SpringManagedTransaction]DEBUG  JDBC Connection [jdbc:mysql://127.0.0.1:3306/test, UserName=jettylee@localhost, MySQL-AB JDBC Driver] will not be managed by Spring
20130418:18:52:24.784[c.z.d.m.U.insertRow]DEBUG  ooo Using Connection [jdbc:mysql://127.0.0.1:3306/test, UserName=jettylee@localhost, MySQL-AB JDBC Driver]
20130418:18:52:24.784[c.z.d.m.U.insertRow]DEBUG  ==>  Preparing: insert into dt_users(username, passwd, email) values (?,?,?) 
20130418:18:52:24.784[c.z.d.m.U.insertRow]DEBUG  ==> Parameters: 1(String), c4ca4238a0b923820dcc509a6f75849b(String), 2@email.com(String)
20130418:18:52:24.787[o.m.s.SqlSessionUtils]DEBUG  Closing non transactional SqlSession [org.apache.ibatis.session.defaults.DefaultSqlSession@126be4cc]
20130418:18:52:24.794[c.z.d.c.LoginController]DEBUG  中文测试
20130418:18:53:37.229[o.a.i.logging.LogFactory]DEBUG  Logging initialized using 'org.apache.ibatis.logging.slf4j.Slf4jImpl' adapter.
20130418:18:53:37.287[o.m.s.SqlSessionFactoryBean]DEBUG  Property 'configLocation' not specified, using default MyBatis Configuration
20130418:18:53:37.612[o.m.s.SqlSessionFactoryBean]DEBUG  Property 'mapperLocations' was not specified or no matching resources found
20130418:18:53:44.388[c.z.d.c.LoginController]DEBUG  中文测试
20130418:18:53:47.837[c.z.d.c.ErrorController]DEBUG  try finding user 33
20130418:18:53:47.857[o.m.s.SqlSessionUtils]DEBUG  Creating a new SqlSession
20130418:18:53:47.863[o.m.s.SqlSessionUtils]DEBUG  SqlSession [org.apache.ibatis.session.defaults.DefaultSqlSession@71b456f] was not registered for synchronization because synchronization is not active
20130418:18:53:47.915[o.m.s.t.SpringManagedTransaction]DEBUG  JDBC Connection [jdbc:mysql://127.0.0.1:3306/test, UserName=jettylee@localhost, MySQL-AB JDBC Driver] will not be managed by Spring
20130418:18:53:47.918[c.z.d.m.U.get_user]DEBUG  ooo Using Connection [jdbc:mysql://127.0.0.1:3306/test, UserName=jettylee@localhost, MySQL-AB JDBC Driver]
20130418:18:53:47.933[c.z.d.m.U.get_user]DEBUG  ==>  Preparing: select * FROM dt_users WHERE username = ? 
20130418:18:53:48.005[c.z.d.m.U.get_user]DEBUG  ==> Parameters: 33(String)
20130418:18:53:48.041[o.m.s.SqlSessionUtils]DEBUG  Closing non transactional SqlSession [org.apache.ibatis.session.defaults.DefaultSqlSession@71b456f]
20130418:18:53:52.306[o.m.s.SqlSessionUtils]DEBUG  Creating a new SqlSession
20130418:18:53:52.307[o.m.s.SqlSessionUtils]DEBUG  SqlSession [org.apache.ibatis.session.defaults.DefaultSqlSession@37b7a72b] was not registered for synchronization because synchronization is not active
20130418:18:53:52.308[o.m.s.t.SpringManagedTransaction]DEBUG  JDBC Connection [jdbc:mysql://127.0.0.1:3306/test, UserName=jettylee@localhost, MySQL-AB JDBC Driver] will not be managed by Spring
20130418:18:53:52.308[c.z.d.m.U.get_user]DEBUG  ooo Using Connection [jdbc:mysql://127.0.0.1:3306/test, UserName=jettylee@localhost, MySQL-AB JDBC Driver]
20130418:18:53:52.309[c.z.d.m.U.get_user]DEBUG  ==>  Preparing: select * FROM dt_users WHERE username = ? 
20130418:18:53:52.309[c.z.d.m.U.get_user]DEBUG  ==> Parameters: 33(String)
20130418:18:53:52.310[o.m.s.SqlSessionUtils]DEBUG  Closing non transactional SqlSession [org.apache.ibatis.session.defaults.DefaultSqlSession@37b7a72b]
20130418:18:53:52.311[c.z.d.c.RegisterController]DEBUG  33
20130418:18:53:52.311[c.z.d.c.RegisterController]DEBUG  c81e728d9d4c2f636f067f89cc14862c
20130418:18:53:52.314[o.m.s.SqlSessionUtils]DEBUG  Creating a new SqlSession
20130418:18:53:52.314[o.m.s.SqlSessionUtils]DEBUG  SqlSession [org.apache.ibatis.session.defaults.DefaultSqlSession@75f10df7] was not registered for synchronization because synchronization is not active
20130418:18:53:52.316[o.m.s.t.SpringManagedTransaction]DEBUG  JDBC Connection [jdbc:mysql://127.0.0.1:3306/test, UserName=jettylee@localhost, MySQL-AB JDBC Driver] will not be managed by Spring
20130418:18:53:52.317[c.z.d.m.U.insertRow]DEBUG  ooo Using Connection [jdbc:mysql://127.0.0.1:3306/test, UserName=jettylee@localhost, MySQL-AB JDBC Driver]
20130418:18:53:52.317[c.z.d.m.U.insertRow]DEBUG  ==>  Preparing: insert into dt_users(username, passwd, email) values (?,?,?) 
20130418:18:53:52.318[c.z.d.m.U.insertRow]DEBUG  ==> Parameters: 33(String), c81e728d9d4c2f636f067f89cc14862c(String), 2@email.com(String)
20130418:18:53:52.319[o.m.s.SqlSessionUtils]DEBUG  Closing non transactional SqlSession [org.apache.ibatis.session.defaults.DefaultSqlSession@75f10df7]
20130418:18:53:52.330[c.z.d.c.ErrorController]DEBUG  ????
20130418:18:54:45.495[o.a.i.logging.LogFactory]DEBUG  Logging initialized using 'org.apache.ibatis.logging.slf4j.Slf4jImpl' adapter.
20130418:18:54:45.569[o.m.s.SqlSessionFactoryBean]DEBUG  Property 'configLocation' not specified, using default MyBatis Configuration
20130418:18:54:45.908[o.m.s.SqlSessionFactoryBean]DEBUG  Property 'mapperLocations' was not specified or no matching resources found
20130418:18:54:53.079[c.z.d.c.ErrorController]DEBUG  try finding user 332
20130418:18:54:53.092[o.m.s.SqlSessionUtils]DEBUG  Creating a new SqlSession
20130418:18:54:53.094[o.m.s.SqlSessionUtils]DEBUG  Creating a new SqlSession
20130418:18:54:53.099[o.m.s.SqlSessionUtils]DEBUG  SqlSession [org.apache.ibatis.session.defaults.DefaultSqlSession@64a06824] was not registered for synchronization because synchronization is not active
20130418:18:54:53.099[o.m.s.SqlSessionUtils]DEBUG  SqlSession [org.apache.ibatis.session.defaults.DefaultSqlSession@21ef48fb] was not registered for synchronization because synchronization is not active
20130418:18:54:53.161[o.m.s.t.SpringManagedTransaction]DEBUG  JDBC Connection [jdbc:mysql://127.0.0.1:3306/test, UserName=jettylee@localhost, MySQL-AB JDBC Driver] will not be managed by Spring
20130418:18:54:53.166[c.z.d.m.U.get_user]DEBUG  ooo Using Connection [jdbc:mysql://127.0.0.1:3306/test, UserName=jettylee@localhost, MySQL-AB JDBC Driver]
20130418:18:54:53.175[c.z.d.m.U.get_user]DEBUG  ==>  Preparing: select * FROM dt_users WHERE username = ? 
20130418:18:54:53.190[o.m.s.t.SpringManagedTransaction]DEBUG  JDBC Connection [jdbc:mysql://127.0.0.1:3306/test, UserName=jettylee@localhost, MySQL-AB JDBC Driver] will not be managed by Spring
20130418:18:54:53.191[c.z.d.m.U.get_user]DEBUG  ooo Using Connection [jdbc:mysql://127.0.0.1:3306/test, UserName=jettylee@localhost, MySQL-AB JDBC Driver]
20130418:18:54:53.192[c.z.d.m.U.get_user]DEBUG  ==>  Preparing: select * FROM dt_users WHERE username = ? 
20130418:18:54:53.233[c.z.d.m.U.get_user]DEBUG  ==> Parameters: 332(String)
20130418:18:54:53.232[c.z.d.m.U.get_user]DEBUG  ==> Parameters: 332(String)
20130418:18:54:53.264[o.m.s.SqlSessionUtils]DEBUG  Closing non transactional SqlSession [org.apache.ibatis.session.defaults.DefaultSqlSession@21ef48fb]
20130418:18:54:53.264[o.m.s.SqlSessionUtils]DEBUG  Closing non transactional SqlSession [org.apache.ibatis.session.defaults.DefaultSqlSession@64a06824]
20130418:18:54:53.267[c.z.d.c.RegisterController]DEBUG  332
20130418:18:54:53.267[c.z.d.c.RegisterController]DEBUG  310dcbbf4cce62f762a2aaa148d556bd
20130418:18:54:53.270[o.m.s.SqlSessionUtils]DEBUG  Creating a new SqlSession
20130418:18:54:53.271[o.m.s.SqlSessionUtils]DEBUG  SqlSession [org.apache.ibatis.session.defaults.DefaultSqlSession@15e1df6e] was not registered for synchronization because synchronization is not active
20130418:18:54:53.273[o.m.s.t.SpringManagedTransaction]DEBUG  JDBC Connection [jdbc:mysql://127.0.0.1:3306/test, UserName=jettylee@localhost, MySQL-AB JDBC Driver] will not be managed by Spring
20130418:18:54:53.274[c.z.d.m.U.insertRow]DEBUG  ooo Using Connection [jdbc:mysql://127.0.0.1:3306/test, UserName=jettylee@localhost, MySQL-AB JDBC Driver]
20130418:18:54:53.274[c.z.d.m.U.insertRow]DEBUG  ==>  Preparing: insert into dt_users(username, passwd, email) values (?,?,?) 
20130418:18:54:53.274[c.z.d.m.U.insertRow]DEBUG  ==> Parameters: 332(String), 310dcbbf4cce62f762a2aaa148d556bd(String), 2@email.com(String)
20130418:18:54:53.276[o.m.s.SqlSessionUtils]DEBUG  Closing non transactional SqlSession [org.apache.ibatis.session.defaults.DefaultSqlSession@15e1df6e]
20130418:18:54:53.292[c.z.d.c.ErrorController]DEBUG  æ³¨åæå
20130418:19:40:11.872[o.m.s.SqlSessionUtils]DEBUG  Creating a new SqlSession
20130418:19:40:11.873[o.m.s.SqlSessionUtils]DEBUG  SqlSession [org.apache.ibatis.session.defaults.DefaultSqlSession@3c7a279c] was not registered for synchronization because synchronization is not active
20130418:19:40:11.875[o.m.s.t.SpringManagedTransaction]DEBUG  JDBC Connection [jdbc:mysql://127.0.0.1:3306/test, UserName=jettylee@localhost, MySQL-AB JDBC Driver] will not be managed by Spring
20130418:19:40:11.876[c.z.d.m.U.get_user]DEBUG  ooo Using Connection [jdbc:mysql://127.0.0.1:3306/test, UserName=jettylee@localhost, MySQL-AB JDBC Driver]
20130418:19:40:11.877[c.z.d.m.U.get_user]DEBUG  ==>  Preparing: select * FROM dt_users WHERE username = ? 
20130418:19:40:11.878[c.z.d.m.U.get_user]DEBUG  ==> Parameters: 332(String)
20130418:19:40:11.880[o.m.s.SqlSessionUtils]DEBUG  Closing non transactional SqlSession [org.apache.ibatis.session.defaults.DefaultSqlSession@3c7a279c]
20130418:19:40:11.881[c.z.d.c.RegisterController]DEBUG  332
20130418:19:40:11.881[c.z.d.c.RegisterController]DEBUG  72bbaa53b3296b3821e5225e8f7e9327
20130418:19:40:11.882[o.m.s.SqlSessionUtils]DEBUG  Creating a new SqlSession
20130418:19:40:11.883[o.m.s.SqlSessionUtils]DEBUG  SqlSession [org.apache.ibatis.session.defaults.DefaultSqlSession@35d3694a] was not registered for synchronization because synchronization is not active
20130418:19:40:11.884[o.m.s.t.SpringManagedTransaction]DEBUG  JDBC Connection [jdbc:mysql://127.0.0.1:3306/test, UserName=jettylee@localhost, MySQL-AB JDBC Driver] will not be managed by Spring
20130418:19:40:11.885[c.z.d.m.U.insertRow]DEBUG  ooo Using Connection [jdbc:mysql://127.0.0.1:3306/test, UserName=jettylee@localhost, MySQL-AB JDBC Driver]
20130418:19:40:11.885[c.z.d.m.U.insertRow]DEBUG  ==>  Preparing: insert into dt_users(username, passwd, email) values (?,?,?) 
20130418:19:40:11.886[c.z.d.m.U.insertRow]DEBUG  ==> Parameters: 332(String), 72bbaa53b3296b3821e5225e8f7e9327(String), 2@email.com(String)
20130418:19:40:11.887[o.m.s.SqlSessionUtils]DEBUG  Closing non transactional SqlSession [org.apache.ibatis.session.defaults.DefaultSqlSession@35d3694a]
20130418:19:40:11.896[c.z.d.c.ErrorController]DEBUG  æ³¨åæå
20130418:19:40:35.970[o.a.i.logging.LogFactory]DEBUG  Logging initialized using 'org.apache.ibatis.logging.slf4j.Slf4jImpl' adapter.
20130418:19:40:36.026[o.m.s.SqlSessionFactoryBean]DEBUG  Property 'configLocation' not specified, using default MyBatis Configuration
20130418:19:40:36.366[o.m.s.SqlSessionFactoryBean]DEBUG  Property 'mapperLocations' was not specified or no matching resources found
20130418:19:40:47.706[o.m.s.SqlSessionUtils]DEBUG  Creating a new SqlSession
20130418:19:40:47.726[o.m.s.SqlSessionUtils]DEBUG  SqlSession [org.apache.ibatis.session.defaults.DefaultSqlSession@1df0a2a0] was not registered for synchronization because synchronization is not active
20130418:19:40:47.781[o.m.s.t.SpringManagedTransaction]DEBUG  JDBC Connection [jdbc:mysql://127.0.0.1:3306/test, UserName=jettylee@localhost, MySQL-AB JDBC Driver] will not be managed by Spring
20130418:19:40:47.783[c.z.d.m.U.get_user]DEBUG  ooo Using Connection [jdbc:mysql://127.0.0.1:3306/test, UserName=jettylee@localhost, MySQL-AB JDBC Driver]
20130418:19:40:47.790[c.z.d.m.U.get_user]DEBUG  ==>  Preparing: select * FROM dt_users WHERE username = ? 
20130418:19:40:47.836[c.z.d.m.U.get_user]DEBUG  ==> Parameters: 332(String)
20130418:19:40:47.869[o.m.s.SqlSessionUtils]DEBUG  Closing non transactional SqlSession [org.apache.ibatis.session.defaults.DefaultSqlSession@1df0a2a0]
20130418:19:40:47.871[c.z.d.c.RegisterController]DEBUG  username: 332
20130418:19:40:47.883[c.z.d.c.LoginController]DEBUG  中文测试
20130418:19:40:51.921[c.z.d.c.MessageController]DEBUG  try finding user 332
20130418:19:40:51.922[o.m.s.SqlSessionUtils]DEBUG  Creating a new SqlSession
20130418:19:40:51.922[o.m.s.SqlSessionUtils]DEBUG  SqlSession [org.apache.ibatis.session.defaults.DefaultSqlSession@5bb77832] was not registered for synchronization because synchronization is not active
20130418:19:40:51.923[o.m.s.t.SpringManagedTransaction]DEBUG  JDBC Connection [jdbc:mysql://127.0.0.1:3306/test, UserName=jettylee@localhost, MySQL-AB JDBC Driver] will not be managed by Spring
20130418:19:40:51.924[c.z.d.m.U.get_user]DEBUG  ooo Using Connection [jdbc:mysql://127.0.0.1:3306/test, UserName=jettylee@localhost, MySQL-AB JDBC Driver]
20130418:19:40:51.924[c.z.d.m.U.get_user]DEBUG  ==>  Preparing: select * FROM dt_users WHERE username = ? 
20130418:19:40:51.924[c.z.d.m.U.get_user]DEBUG  ==> Parameters: 332(String)
20130418:19:40:51.926[o.m.s.SqlSessionUtils]DEBUG  Closing non transactional SqlSession [org.apache.ibatis.session.defaults.DefaultSqlSession@5bb77832]
20130418:19:40:54.682[c.z.d.c.MessageController]DEBUG  try finding user 3323
20130418:19:40:54.682[o.m.s.SqlSessionUtils]DEBUG  Creating a new SqlSession
20130418:19:40:54.684[o.m.s.SqlSessionUtils]DEBUG  SqlSession [org.apache.ibatis.session.defaults.DefaultSqlSession@40dea6bc] was not registered for synchronization because synchronization is not active
20130418:19:40:54.686[o.m.s.t.SpringManagedTransaction]DEBUG  JDBC Connection [jdbc:mysql://127.0.0.1:3306/test, UserName=jettylee@localhost, MySQL-AB JDBC Driver] will not be managed by Spring
20130418:19:40:54.687[c.z.d.m.U.get_user]DEBUG  ooo Using Connection [jdbc:mysql://127.0.0.1:3306/test, UserName=jettylee@localhost, MySQL-AB JDBC Driver]
20130418:19:40:54.688[c.z.d.m.U.get_user]DEBUG  ==>  Preparing: select * FROM dt_users WHERE username = ? 
20130418:19:40:54.689[c.z.d.m.U.get_user]DEBUG  ==> Parameters: 3323(String)
20130418:19:40:54.691[o.m.s.SqlSessionUtils]DEBUG  Closing non transactional SqlSession [org.apache.ibatis.session.defaults.DefaultSqlSession@40dea6bc]
20130418:19:40:57.406[c.z.d.c.MessageController]DEBUG  try finding user 3323
20130418:19:40:57.407[o.m.s.SqlSessionUtils]DEBUG  Creating a new SqlSession
20130418:19:40:57.408[o.m.s.SqlSessionUtils]DEBUG  SqlSession [org.apache.ibatis.session.defaults.DefaultSqlSession@2afbb5f5] was not registered for synchronization because synchronization is not active
20130418:19:40:57.412[o.m.s.t.SpringManagedTransaction]DEBUG  JDBC Connection [jdbc:mysql://127.0.0.1:3306/test, UserName=jettylee@localhost, MySQL-AB JDBC Driver] will not be managed by Spring
20130418:19:40:57.414[c.z.d.m.U.get_user]DEBUG  ooo Using Connection [jdbc:mysql://127.0.0.1:3306/test, UserName=jettylee@localhost, MySQL-AB JDBC Driver]
20130418:19:40:57.414[c.z.d.m.U.get_user]DEBUG  ==>  Preparing: select * FROM dt_users WHERE username = ? 
20130418:19:40:57.415[c.z.d.m.U.get_user]DEBUG  ==> Parameters: 3323(String)
20130418:19:40:57.417[o.m.s.SqlSessionUtils]DEBUG  Closing non transactional SqlSession [org.apache.ibatis.session.defaults.DefaultSqlSession@2afbb5f5]
20130418:19:41:03.066[c.z.d.c.MessageController]DEBUG  try finding user 332
20130418:19:41:03.067[o.m.s.SqlSessionUtils]DEBUG  Creating a new SqlSession
20130418:19:41:03.067[o.m.s.SqlSessionUtils]DEBUG  SqlSession [org.apache.ibatis.session.defaults.DefaultSqlSession@27385846] was not registered for synchronization because synchronization is not active
20130418:19:41:03.069[o.m.s.t.SpringManagedTransaction]DEBUG  JDBC Connection [jdbc:mysql://127.0.0.1:3306/test, UserName=jettylee@localhost, MySQL-AB JDBC Driver] will not be managed by Spring
20130418:19:41:03.075[c.z.d.m.U.get_user]DEBUG  ooo Using Connection [jdbc:mysql://127.0.0.1:3306/test, UserName=jettylee@localhost, MySQL-AB JDBC Driver]
20130418:19:41:03.075[c.z.d.m.U.get_user]DEBUG  ==>  Preparing: select * FROM dt_users WHERE username = ? 
20130418:19:41:03.076[c.z.d.m.U.get_user]DEBUG  ==> Parameters: 332(String)
20130418:19:41:03.080[o.m.s.SqlSessionUtils]DEBUG  Closing non transactional SqlSession [org.apache.ibatis.session.defaults.DefaultSqlSession@27385846]
20130418:19:41:09.493[o.m.s.SqlSessionUtils]DEBUG  Creating a new SqlSession
20130418:19:41:09.493[o.m.s.SqlSessionUtils]DEBUG  SqlSession [org.apache.ibatis.session.defaults.DefaultSqlSession@7a4014a0] was not registered for synchronization because synchronization is not active
20130418:19:41:09.494[o.m.s.t.SpringManagedTransaction]DEBUG  JDBC Connection [jdbc:mysql://127.0.0.1:3306/test, UserName=jettylee@localhost, MySQL-AB JDBC Driver] will not be managed by Spring
20130418:19:41:09.495[c.z.d.m.U.get_user]DEBUG  ooo Using Connection [jdbc:mysql://127.0.0.1:3306/test, UserName=jettylee@localhost, MySQL-AB JDBC Driver]
20130418:19:41:09.495[c.z.d.m.U.get_user]DEBUG  ==>  Preparing: select * FROM dt_users WHERE username = ? 
20130418:19:41:09.495[c.z.d.m.U.get_user]DEBUG  ==> Parameters: 332(String)
20130418:19:41:09.498[o.m.s.SqlSessionUtils]DEBUG  Closing non transactional SqlSession [org.apache.ibatis.session.defaults.DefaultSqlSession@7a4014a0]
20130418:19:41:09.498[c.z.d.c.RegisterController]DEBUG  username: 332
20130418:19:41:09.511[c.z.d.c.LoginController]DEBUG  中文测试
20130418:19:41:52.405[c.z.d.c.MessageController]DEBUG  try finding user 332
20130418:19:41:52.406[o.m.s.SqlSessionUtils]DEBUG  Creating a new SqlSession
20130418:19:41:52.406[o.m.s.SqlSessionUtils]DEBUG  SqlSession [org.apache.ibatis.session.defaults.DefaultSqlSession@6365d2be] was not registered for synchronization because synchronization is not active
20130418:19:41:52.408[o.m.s.t.SpringManagedTransaction]DEBUG  JDBC Connection [jdbc:mysql://127.0.0.1:3306/test, UserName=jettylee@localhost, MySQL-AB JDBC Driver] will not be managed by Spring
20130418:19:41:52.409[c.z.d.m.U.get_user]DEBUG  ooo Using Connection [jdbc:mysql://127.0.0.1:3306/test, UserName=jettylee@localhost, MySQL-AB JDBC Driver]
20130418:19:41:52.410[c.z.d.m.U.get_user]DEBUG  ==>  Preparing: select * FROM dt_users WHERE username = ? 
20130418:19:41:52.411[c.z.d.m.U.get_user]DEBUG  ==> Parameters: 332(String)
20130418:19:41:52.415[o.m.s.SqlSessionUtils]DEBUG  Closing non transactional SqlSession [org.apache.ibatis.session.defaults.DefaultSqlSession@6365d2be]
20130418:19:42:01.559[c.z.d.c.MessageController]DEBUG  try finding user 3323
20130418:19:42:01.560[o.m.s.SqlSessionUtils]DEBUG  Creating a new SqlSession
20130418:19:42:01.560[o.m.s.SqlSessionUtils]DEBUG  SqlSession [org.apache.ibatis.session.defaults.DefaultSqlSession@6f324b17] was not registered for synchronization because synchronization is not active
20130418:19:42:01.562[o.m.s.t.SpringManagedTransaction]DEBUG  JDBC Connection [jdbc:mysql://127.0.0.1:3306/test, UserName=jettylee@localhost, MySQL-AB JDBC Driver] will not be managed by Spring
20130418:19:42:01.564[c.z.d.m.U.get_user]DEBUG  ooo Using Connection [jdbc:mysql://127.0.0.1:3306/test, UserName=jettylee@localhost, MySQL-AB JDBC Driver]
20130418:19:42:01.564[c.z.d.m.U.get_user]DEBUG  ==>  Preparing: select * FROM dt_users WHERE username = ? 
20130418:19:42:01.568[c.z.d.m.U.get_user]DEBUG  ==> Parameters: 3323(String)
20130418:19:42:01.569[o.m.s.SqlSessionUtils]DEBUG  Closing non transactional SqlSession [org.apache.ibatis.session.defaults.DefaultSqlSession@6f324b17]
20130418:19:42:04.554[c.z.d.c.MessageController]DEBUG  try finding user 332
20130418:19:42:04.555[o.m.s.SqlSessionUtils]DEBUG  Creating a new SqlSession
20130418:19:42:04.556[o.m.s.SqlSessionUtils]DEBUG  SqlSession [org.apache.ibatis.session.defaults.DefaultSqlSession@3ec44cfb] was not registered for synchronization because synchronization is not active
20130418:19:42:04.558[o.m.s.t.SpringManagedTransaction]DEBUG  JDBC Connection [jdbc:mysql://127.0.0.1:3306/test, UserName=jettylee@localhost, MySQL-AB JDBC Driver] will not be managed by Spring
20130418:19:42:04.560[c.z.d.m.U.get_user]DEBUG  ooo Using Connection [jdbc:mysql://127.0.0.1:3306/test, UserName=jettylee@localhost, MySQL-AB JDBC Driver]
20130418:19:42:04.560[c.z.d.m.U.get_user]DEBUG  ==>  Preparing: select * FROM dt_users WHERE username = ? 
20130418:19:42:04.561[c.z.d.m.U.get_user]DEBUG  ==> Parameters: 332(String)
20130418:19:42:04.565[o.m.s.SqlSessionUtils]DEBUG  Closing non transactional SqlSession [org.apache.ibatis.session.defaults.DefaultSqlSession@3ec44cfb]
20130418:19:42:04.660[o.m.s.SqlSessionUtils]DEBUG  Creating a new SqlSession
20130418:19:42:04.660[o.m.s.SqlSessionUtils]DEBUG  SqlSession [org.apache.ibatis.session.defaults.DefaultSqlSession@3e2f1b1a] was not registered for synchronization because synchronization is not active
20130418:19:42:04.662[o.m.s.t.SpringManagedTransaction]DEBUG  JDBC Connection [jdbc:mysql://127.0.0.1:3306/test, UserName=jettylee@localhost, MySQL-AB JDBC Driver] will not be managed by Spring
20130418:19:42:04.663[c.z.d.m.U.get_user]DEBUG  ooo Using Connection [jdbc:mysql://127.0.0.1:3306/test, UserName=jettylee@localhost, MySQL-AB JDBC Driver]
20130418:19:42:04.663[c.z.d.m.U.get_user]DEBUG  ==>  Preparing: select * FROM dt_users WHERE username = ? 
20130418:19:42:04.664[c.z.d.m.U.get_user]DEBUG  ==> Parameters: 332(String)
20130418:19:42:04.666[o.m.s.SqlSessionUtils]DEBUG  Closing non transactional SqlSession [org.apache.ibatis.session.defaults.DefaultSqlSession@3e2f1b1a]
20130418:19:42:04.666[c.z.d.c.RegisterController]DEBUG  username: 332
20130418:19:42:04.678[c.z.d.c.LoginController]DEBUG  中文测试
20130418:19:42:36.735[o.a.i.logging.LogFactory]DEBUG  Logging initialized using 'org.apache.ibatis.logging.slf4j.Slf4jImpl' adapter.
20130418:19:42:36.795[o.m.s.SqlSessionFactoryBean]DEBUG  Property 'configLocation' not specified, using default MyBatis Configuration
20130418:19:42:37.172[o.m.s.SqlSessionFactoryBean]DEBUG  Property 'mapperLocations' was not specified or no matching resources found
20130418:19:42:52.365[c.z.d.c.MessageController]DEBUG  try finding user 332
20130418:19:42:52.379[o.m.s.SqlSessionUtils]DEBUG  Creating a new SqlSession
20130418:19:42:52.386[o.m.s.SqlSessionUtils]DEBUG  SqlSession [org.apache.ibatis.session.defaults.DefaultSqlSession@2275a30f] was not registered for synchronization because synchronization is not active
20130418:19:42:52.437[o.m.s.t.SpringManagedTransaction]DEBUG  JDBC Connection [jdbc:mysql://127.0.0.1:3306/test, UserName=jettylee@localhost, MySQL-AB JDBC Driver] will not be managed by Spring
20130418:19:42:52.439[c.z.d.m.U.get_user]DEBUG  ooo Using Connection [jdbc:mysql://127.0.0.1:3306/test, UserName=jettylee@localhost, MySQL-AB JDBC Driver]
20130418:19:42:52.447[c.z.d.m.U.get_user]DEBUG  ==>  Preparing: select * FROM dt_users WHERE username = ? 
20130418:19:42:52.514[c.z.d.m.U.get_user]DEBUG  ==> Parameters: 332(String)
20130418:19:42:52.549[o.m.s.SqlSessionUtils]DEBUG  Closing non transactional SqlSession [org.apache.ibatis.session.defaults.DefaultSqlSession@2275a30f]
20130418:19:42:58.737[c.z.d.c.MessageController]DEBUG  try finding user 3323
20130418:19:42:58.738[o.m.s.SqlSessionUtils]DEBUG  Creating a new SqlSession
20130418:19:42:58.739[o.m.s.SqlSessionUtils]DEBUG  SqlSession [org.apache.ibatis.session.defaults.DefaultSqlSession@6446154e] was not registered for synchronization because synchronization is not active
20130418:19:42:58.741[o.m.s.t.SpringManagedTransaction]DEBUG  JDBC Connection [jdbc:mysql://127.0.0.1:3306/test, UserName=jettylee@localhost, MySQL-AB JDBC Driver] will not be managed by Spring
20130418:19:42:58.742[c.z.d.m.U.get_user]DEBUG  ooo Using Connection [jdbc:mysql://127.0.0.1:3306/test, UserName=jettylee@localhost, MySQL-AB JDBC Driver]
20130418:19:42:58.743[c.z.d.m.U.get_user]DEBUG  ==>  Preparing: select * FROM dt_users WHERE username = ? 
20130418:19:42:58.744[c.z.d.m.U.get_user]DEBUG  ==> Parameters: 3323(String)
20130418:19:42:58.746[o.m.s.SqlSessionUtils]DEBUG  Closing non transactional SqlSession [org.apache.ibatis.session.defaults.DefaultSqlSession@6446154e]
20130418:19:43:02.050[c.z.d.c.MessageController]DEBUG  try finding user 332
20130418:19:43:02.050[o.m.s.SqlSessionUtils]DEBUG  Creating a new SqlSession
20130418:19:43:02.051[o.m.s.SqlSessionUtils]DEBUG  SqlSession [org.apache.ibatis.session.defaults.DefaultSqlSession@71b456f] was not registered for synchronization because synchronization is not active
20130418:19:43:02.052[o.m.s.t.SpringManagedTransaction]DEBUG  JDBC Connection [jdbc:mysql://127.0.0.1:3306/test, UserName=jettylee@localhost, MySQL-AB JDBC Driver] will not be managed by Spring
20130418:19:43:02.053[c.z.d.m.U.get_user]DEBUG  ooo Using Connection [jdbc:mysql://127.0.0.1:3306/test, UserName=jettylee@localhost, MySQL-AB JDBC Driver]
20130418:19:43:02.053[c.z.d.m.U.get_user]DEBUG  ==>  Preparing: select * FROM dt_users WHERE username = ? 
20130418:19:43:02.054[c.z.d.m.U.get_user]DEBUG  ==> Parameters: 332(String)
20130418:19:43:02.056[o.m.s.SqlSessionUtils]DEBUG  Closing non transactional SqlSession [org.apache.ibatis.session.defaults.DefaultSqlSession@71b456f]
20130418:19:43:02.144[o.m.s.SqlSessionUtils]DEBUG  Creating a new SqlSession
20130418:19:43:02.145[o.m.s.SqlSessionUtils]DEBUG  SqlSession [org.apache.ibatis.session.defaults.DefaultSqlSession@782bbb7b] was not registered for synchronization because synchronization is not active
20130418:19:43:02.146[o.m.s.t.SpringManagedTransaction]DEBUG  JDBC Connection [jdbc:mysql://127.0.0.1:3306/test, UserName=jettylee@localhost, MySQL-AB JDBC Driver] will not be managed by Spring
20130418:19:43:02.147[c.z.d.m.U.get_user]DEBUG  ooo Using Connection [jdbc:mysql://127.0.0.1:3306/test, UserName=jettylee@localhost, MySQL-AB JDBC Driver]
20130418:19:43:02.148[c.z.d.m.U.get_user]DEBUG  ==>  Preparing: select * FROM dt_users WHERE username = ? 
20130418:19:43:02.148[c.z.d.m.U.get_user]DEBUG  ==> Parameters: 332(String)
20130418:19:43:02.149[o.m.s.SqlSessionUtils]DEBUG  Closing non transactional SqlSession [org.apache.ibatis.session.defaults.DefaultSqlSession@782bbb7b]
20130418:19:43:02.150[c.z.d.c.RegisterController]DEBUG  username: 332
20130418:19:43:02.175[c.z.d.c.MessageController]DEBUG  user_existed
